18:25:47: Creating resource group General
18:25:47: Creating resource group Internal
18:25:47: Creating resource group Autodetect
18:25:47: Registering ResourceManager for type Mesh
18:25:47: Registering ResourceManager for type Material
18:25:47: Registering ResourceManager for type Skeleton
18:25:47: XMLMeshSerializer reading mesh data from Z:\VietHeroes\Gfx\Environment\caychuoi\caychuoi.mesh.xml...
18:25:47: Reading submeshes...
18:25:47: Reading geometry...
18:25:47: Geometry done...
18:25:47: Submeshes done.
18:25:47: XMLMeshSerializer import successful.
18:25:47: Reorganising vertex buffers to automatic layout..
18:25:47: MeshSerializer writing mesh data to Z:\VietHeroes\Gfx\Environment\caychuoi\caychuoi.mesh...
18:25:47: File header written.
18:25:47: Writing mesh data...
18:25:47: Writing submesh...
18:25:47: Exporting submesh texture aliases...
18:25:47: Submesh texture aliases exported.
18:25:47: Submesh exported.
18:25:47: Exporting bounds information....
18:25:47: Bounds information exported.
18:25:47: Exporting submesh name table...
18:25:47: Submesh name table exported.
18:25:47: Exporting edge lists...
18:25:47: Edge lists exported
18:25:47: Mesh data exported.
18:25:47: MeshSerializer export successful.
18:25:47: Unregistering ResourceManager for type Skeleton
18:25:47: Unregistering ResourceManager for type Material
18:25:47: Unregistering ResourceManager for type Mesh
